<?xml version="1.0" encoding="UTF-8"?>
<!-- Generated by org.testng.reporters.JUnitXMLReporter -->
<testsuite ignored="0" hostname="DESKTOP-F9GMD4U" failures="0" tests="1" name="Test2" time="0.008" errors="0" timestamp="2020-04-23T17:16:23 IST">
  <testcase classname="Academy.assertValidation" name="@BeforeTest openbrowser" time="0.0">
    <failure type="java.lang.NullPointerException">
      <![CDATA[java.lang.NullPointerException
at resources.Base.IntializeBrowser(Base.java:49)
at Academy.assertValidation.openbrowser(assertValidation.java:17)
... Removed 28 stack frames]]>
    </failure>
  </testcase> <!-- @BeforeTest openbrowser -->
  <testcase classname="Academy.assertValidation" name="@AfterTest tearDown" time="-1.587642383328E9">
    <skipped/>
  </testcase> <!-- @AfterTest tearDown -->
  <testcase classname="Academy.assertValidation" name="basePageNavigation" time="0.0">
    <skipped/>
  </testcase> <!-- basePageNavigation -->
</testsuite> <!-- Test2 -->
